OpenProgram - 2025.02.02. 09:06:59
LoadCluster - 2025.02.02. 09:07:05 - D:\Programming\csharp\Dusza2025\test_clusters\cluster1
CloseProgram - 2025.02.02. 09:09:04
OpenProgram - 2025.02.02. 09:09:07
LoadCluster - 2025.02.02. 09:09:15 - D:\Programming\csharp\Dusza2025\test_clusters\cluster1
RunProgramInstance - 2025.02.02. 09:09:22 - ropika-ieb9ra - 2025.02.02. 09:09:22 - True - 1000 - 100
RunProgramInstance - 2025.02.02. 09:09:23 - ropika-0ma8ro - 2025.02.02. 09:09:23 - True - 1000 - 100
RunProgramInstance - 2025.02.02. 09:09:26 - ropika-j5pynf - 2025.02.02. 09:09:26 - True - 1000 - 100
RunProgramInstance - 2025.02.02. 09:09:26 - ropika-x15g7l - 2025.02.02. 09:09:26 - True - 1000 - 100
RunProgramInstance - 2025.02.02. 09:09:29 - ropika-qg7q8t - 2025.02.02. 09:09:29 - True - 1000 - 100
LoadCluster - 2025.02.02. 09:09:39 - D:\Programming\csharp\Dusza2025\test_clusters\cluster1
RunProgramInstance - 2025.02.02. 09:09:40 - ropika-c9i0qr - 2025.02.02. 09:09:40 - True - 1000 - 100
RunProgramInstance - 2025.02.02. 09:09:40 - ropika-wjwkre - 2025.02.02. 09:09:40 - True - 1000 - 100
RunProgramInstance - 2025.02.02. 09:09:41 - ropika-7reh3g - 2025.02.02. 09:09:41 - True - 1000 - 100
RunProgramInstance - 2025.02.02. 09:09:41 - ropika-x468mn - 2025.02.02. 09:09:41 - True - 1000 - 100
LoadCluster - 2025.02.02. 09:09:45 - D:\Programming\csharp\Dusza2025\test_clusters\cluster1
RunProgramInstance - 2025.02.02. 09:09:47 - ropika-qgdp5x - 2025.02.02. 09:09:47 - True - 1000 - 100
LoadCluster - 2025.02.02. 09:09:49 - D:\Programming\csharp\Dusza2025\test_clusters\cluster1
CloseProgram - 2025.02.02. 09:10:31
OpenProgram - 2025.02.02. 09:11:13
LoadCluster - 2025.02.02. 09:11:15 - D:\Programming\csharp\Dusza2025\test_clusters\cluster1
CloseProgram - 2025.02.02. 09:11:22
OpenProgram - 2025.02.02. 09:11:42
LoadCluster - 2025.02.02. 09:11:45 - D:\Programming\csharp\Dusza2025\test_clusters\cluster1
CloseProgram - 2025.02.02. 09:12:01
OpenProgram - 2025.02.02. 09:18:52
CloseProgram - 2025.02.02. 09:19:31
OpenProgram - 2025.02.02. 09:32:34
LoadCluster - 2025.02.02. 09:32:41 - D:\Programming\csharp\Dusza2025\test_clusters\cluster1
CloseProgram - 2025.02.02. 09:33:01
OpenProgram - 2025.02.02. 09:43:08
OpenProgram - 2025.02.02. 09:43:25
LoadCluster - 2025.02.02. 09:43:28 - D:\Programming\csharp\Dusza2025\test_clusters\cluster1
CloseProgram - 2025.02.02. 09:44:26
OpenProgram - 2025.02.02. 10:07:48
LoadCluster - 2025.02.02. 10:07:51 - D:\Programming\csharp\Dusza2025\test_clusters\cluster1
CloseProgram - 2025.02.02. 10:07:57
OpenProgram - 2025.02.02. 10:18:57
OpenProgram - 2025.02.02. 10:19:54
OpenProgram - 2025.02.02. 10:22:33
CloseProgram - 2025.02.02. 10:22:45
OpenProgram - 2025.02.02. 10:24:42
CloseProgram - 2025.02.02. 10:24:48
OpenProgram - 2025.02.02. 10:29:41
CloseProgram - 2025.02.02. 10:30:07
OpenProgram - 2025.02.02. 10:30:25
CloseProgram - 2025.02.02. 10:30:36
OpenProgram - 2025.02.02. 10:30:54
LoadCluster - 2025.02.02. 10:31:24 - D:\Programming\csharp\Dusza2025\test_clusters\cluster1
LoadCluster - 2025.02.02. 10:31:32 - D:\Programming\csharp\Dusza2025\test_clusters\cluster1
CloseProgram - 2025.02.02. 10:31:46
OpenProgram - 2025.02.02. 10:36:30
LoadCluster - 2025.02.02. 10:36:33 - D:\Programming\csharp\Dusza2025\test_clusters\cluster1
CloseProgram - 2025.02.02. 10:38:33
OpenProgram - 2025.02.02. 10:44:10
LoadCluster - 2025.02.02. 10:44:37 - D:\Programming\csharp\Dusza2025\test_clusters\cluster1
CloseProgram - 2025.02.02. 10:45:19
